\BOOKMARK [2][-]{section*.1}{\376\377\000D\000e\000s\000c\000r\000i\000p\000c\000i\000\363\000n\000\040\000v\000a\000r\000i\000a\000b\000l\000e\000s\000\040\000y\000\040\000o\000b\000s\000e\000r\000v\000a\000c\000i\000o\000n\000e\000s}{}% 1
\BOOKMARK [2][-]{section*.2}{\376\377\000R\000e\000s\000u\000m\000e\000n\000\040\000d\000e\000\040\000d\000a\000t\000o\000s}{}% 2
\BOOKMARK [2][-]{section*.3}{\376\377\000V\000a\000r\000i\000a\000b\000l\000e\000s\000\040\000i\000m\000p\000o\000r\000t\000a\000n\000t\000e\000s}{}% 3
\BOOKMARK [2][-]{section*.4}{\376\377\000G\000r\000a\000f\000i\000c\000o\000s\000\040\000e\000x\000p\000l\000o\000r\000a\000t\000o\000r\000i\000o\000s}{}% 4
\BOOKMARK [2][-]{section*.5}{\376\377\000H\000i\000s\000t\000o\000g\000r\000a\000m\000a\000s}{}% 5
\BOOKMARK [2][-]{section*.6}{}{}% 6
\BOOKMARK [2][-]{section*.7}{\376\377\000C\000o\000m\000b\000i\000n\000a\000n\000d\000o\000\040\000d\000a\000t\000o\000s}{}% 7
\BOOKMARK [3][-]{section*.8}{\376\377\000D\000i\000a\000g\000r\000a\000m\000a\000\040\000d\000e\000\040\000q\000q\000n\000o\000r\000m\000a\000l}{section*.7}% 8
\BOOKMARK [2][-]{section*.9}{\376\377\000R\000e\000g\000i\000s\000t\000r\000o\000s\000\040\000d\000e\000\040\000E\000d\000a\000d\000\040\000h\000o\000m\000b\000r\000e}{}% 9
\BOOKMARK [3][-]{section*.10}{\376\377\000P\000r\000u\000e\000b\000a\000\040\000d\000e\000\040\000n\000o\000r\000m\000a\000l\000i\000d\000a\000d\000\040\000p\000a\000r\000a\000\040\000l\000a\000\040\000e\000d\000a\000d\000\040\000d\000e\000l\000\040\000h\000o\000m\000b\000r\000e\000:}{section*.9}% 10
\BOOKMARK [3][-]{section*.11}{\376\377\000D\000i\000a\000g\000r\000a\000m\000a\000\040\000d\000e\000\040\000c\000a\000j\000a\000\040\000y\000\040\000b\000i\000g\000o\000t\000e\000s}{section*.9}% 11
\BOOKMARK [3][-]{section*.12}{\376\377\000D\000i\000a\000g\000r\000a\000m\000a\000\040\000q\000q\000n\000o\000r\000m\000a\000l}{section*.9}% 12
\BOOKMARK [2][-]{section*.13}{\376\377\000R\000e\000g\000i\000s\000t\000r\000o\000s\000\040\000d\000e\000\040\000e\000d\000a\000d\000\040\000d\000e\000\040\000m\000u\000j\000e\000r\000e\000s}{}% 13
\BOOKMARK [3][-]{section*.14}{\376\377\000P\000r\000u\000e\000b\000a\000\040\000d\000e\000\040\000n\000o\000r\000m\000a\000l\000i\000d\000a\000d\000\040\000p\000a\000r\000a\000\040\000l\000a\000\040\000e\000d\000a\000d\000\040\000d\000e\000\040\000l\000a\000\040\000m\000u\000j\000e\000r\000:}{section*.13}% 14
\BOOKMARK [3][-]{section*.15}{\376\377\000D\000i\000a\000g\000r\000a\000m\000a\000\040\000d\000e\000\040\000c\000a\000j\000a\000\040\000y\000\040\000b\000i\000g\000o\000t\000e\000s}{section*.13}% 15
\BOOKMARK [3][-]{section*.16}{\376\377\000D\000i\000a\000g\000r\000a\000m\000a\000\040\000q\000q\000n\000o\000r\000m\000a\000l}{section*.13}% 16
\BOOKMARK [2][-]{section*.17}{\376\377\000T\000a\000b\000l\000a\000\040\000d\000e\000\040\000f\000r\000e\000c\000u\000e\000n\000c\000i\000a\000s\000\040\000p\000a\000r\000a\000\040\000v\000a\000r\000i\000a\000b\000l\000e\000s\000\040\000c\000u\000a\000l\000i\000t\000a\000t\000i\000v\000a\000s}{}% 17
\BOOKMARK [3][-]{section*.18}{\376\377\000T\000a\000b\000l\000a\000\040\000d\000e\000\040\000f\000r\000e\000c\000u\000e\000n\000c\000i\000a\000s\000\040\000p\000a\000r\000a\000\040\000e\000l\000\040\000d\000e\000p\000a\000r\000t\000a\000m\000e\000n\000t\000o\000\040\000d\000e\000\040\000o\000c\000u\000r\000r\000e\000n\000c\000i\000a\000\040\000y\000\040\000r\000e\000p\000r\000e\000s\000e\000n\000t\000a\000c\000i\000\363\000n\000\040\000g\000r\000\341\000f\000i\000c\000a}{section*.17}% 18
\BOOKMARK [3][-]{section*.19}{\376\377\000T\000a\000b\000l\000a\000\040\000d\000e\000\040\000f\000r\000e\000c\000u\000e\000n\000c\000i\000a\000s\000\040\000p\000a\000r\000a\000\040\000e\000l\000\040\000m\000u\000n\000i\000c\000i\000p\000i\000o\000\040\000d\000e\000\040\000o\000c\000u\000r\000r\000e\000n\000c\000i\000a}{section*.17}% 19
\BOOKMARK [3][-]{section*.20}{\376\377\000T\000a\000b\000l\000a\000\040\000d\000e\000\040\000f\000r\000e\000c\000u\000e\000n\000c\000i\000a\000s\000\040\000p\000a\000r\000a\000\040\000l\000a\000\040\000e\000s\000c\000o\000l\000a\000r\000i\000d\000a\000d\000\040\000d\000e\000l\000\040\000h\000o\000m\000b\000r\000e}{section*.17}% 20
\BOOKMARK [3][-]{section*.21}{\376\377\000T\000a\000b\000l\000a\000\040\000d\000e\000\040\000f\000r\000e\000c\000u\000e\000n\000c\000i\000a\000s\000\040\000p\000a\000r\000a\000\040\000l\000a\000\040\000e\000s\000c\000o\000l\000a\000r\000i\000d\000a\000d\000\040\000d\000e\000\040\000l\000a\000\040\000M\000u\000j\000e\000r}{section*.17}% 21
\BOOKMARK [3][-]{section*.22}{\376\377\000T\000a\000b\000l\000a\000\040\000d\000e\000\040\000f\000r\000e\000c\000u\000e\000n\000c\000i\000a\000s\000\040\000p\000a\000r\000a\000\040\000e\000l\000\040\000g\000r\000u\000p\000o\000\040\000\351\000t\000n\000i\000c\000o\000\040\000d\000e\000l\000\040\000h\000o\000m\000b\000r\000e}{section*.17}% 22
\BOOKMARK [3][-]{section*.23}{\376\377\000T\000a\000b\000l\000a\000\040\000d\000e\000\040\000f\000r\000e\000c\000u\000e\000n\000c\000i\000a\000s\000\040\000p\000a\000r\000a\000\040\000e\000l\000\040\000g\000r\000u\000p\000o\000\040\000\351\000t\000n\000i\000c\000o\000\040\000d\000e\000\040\000l\000a\000\040\000m\000u\000j\000e\000r}{section*.17}% 23
\BOOKMARK [2][-]{section*.24}{\376\377\000C\000o\000r\000r\000e\000l\000a\000c\000i\000o\000n\000\040\000e\000n\000t\000r\000e\000\040\000e\000d\000a\000d\000e\000s\000\040\000d\000e\000\040\000l\000o\000s\000\040\000c\000\363\000n\000y\000u\000g\000e\000s}{}% 24
\BOOKMARK [2][-]{section*.25}{\376\377\000O\000c\000u\000p\000a\000c\000i\000o\000n\000\040\000e\000n\000\040\000H\000o\000m\000b\000r\000e\000\040\0002\0000\0000\0009\000-\0002\0000\0002\0001}{}% 25
\BOOKMARK [2][-]{section*.26}{\376\377\000o\000c\000u\000p\000a\000c\000i\000o\000n\000\040\000e\000n\000\040\000M\000u\000j\000e\000r\000e\000s\000\040\0002\0000\0000\0009\000-\0002\0000\0002\0001}{}% 26
\BOOKMARK [2][-]{section*.27}{\376\377\000C\000l\000u\000s\000t\000e\000r\000i\000n\000g}{}% 27
\BOOKMARK [2][-]{section*.28}{\376\377\000E\000d\000a\000d\000\040\000m\000u\000j\000e\000r\000e\000s\000\040\000y\000\040\000h\000o\000m\000b\000r\000e\000s\000\040\000e\000n\000\040\000d\000i\000v\000o\000r\000c\000i\000o\000\040\000e\000n\000t\000r\000e\000\040\0002\0000\0000\0009\000-\0002\0000\0002\0001\000\040\000p\000o\000r\000\040\000m\000e\000d\000i\000o\000\040\000d\000e\000\040\000k\000-\000m\000e\000a\000n\000s}{}% 28
\BOOKMARK [2][-]{section*.29}{\376\377\000A\000g\000r\000u\000p\000a\000m\000i\000e\000n\000t\000o\000\040\000p\000o\000r\000\040\000m\000e\000d\000i\000o\000\040\000d\000e\000\040\000k\000-\000m\000e\000a\000n\000s}{}% 29
\BOOKMARK [2][-]{section*.30}{\376\377\000M\000i\000x\000t\000u\000r\000e\000\040\000o\000f\000\040\000g\000a\000u\000s\000s\000i\000a\000n\000s}{}% 30
\BOOKMARK [2][-]{section*.31}{\376\377\000F\000u\000z\000z\000y\000\040\000C\000-\000m\000e\000a\000n\000s}{}% 31
